Apple_PubSub_Socket_Render=/private/tmp/com.apple.launchd.1oA6db5Ygz/Render
COLORFGBG=15;0
COLORTERM=truecolor
DirProject=/Users/rwill253/project/Rob/workstation
HOME=/Users/rwill253
ITERM_PROFILE=Rob on left
ITERM_SESSION_ID=w0t0p0:FBF574A9-5A00-4D71-8B20-F119D086289D
LANG=en_US.UTF-8
LC_TERMINAL=iTerm2
LC_TERMINAL_VERSION=3.3.9
LOGNAME=rwill253
PATH=/Users/rwill253/project/Rob/workstation/.PVE/bin:/usr/bin:/bin:/usr/sbin:/usr/local/bin:/Users/rwill253/bin:/Users/rwill253/project/Rob/workstation/bin
PVE=/Users/rwill253/project/Rob/workstation/.PVE
PWD=/Users/rwill253/project/Rob/workstation
PathDefault=/usr/local/bin:/usr/bin:/bin:/usr/sbin:/sbin
PathHomebrew=/usr/local/bin
PathSystem=/usr/bin:/bin:/usr/sbin
PathUser=/Users/rwill253/bin
SHELL=/bin/bash
SHLVL=4
SSH_AUTH_SOCK=/private/tmp/com.apple.launchd.Kgz9IdMfpH/Listeners
TERM=vt102
TERM_PROGRAM=iTerm.app
TERM_PROGRAM_VERSION=3.3.9
TERM_SESSION_ID=w0t0p0:FBF574A9-5A00-4D71-8B20-F119D086289D
TMPDIR=/Users/rwill253/tmp
USER=rwill253
VIRTUAL_ENV=/Users/rwill253/project/Rob/workstation/.PVE
XPC_FLAGS=0x0
XPC_SERVICE_NAME=0
_=/usr/bin/env
__CF_USER_TEXT_ENCODING=0x2345558:0x0:0x0
