[0;34m[20230419 200136Z D] Reformatting Python code using Black[0m
reformatted /Users/rob/repo/GitHub/wip/workstation/tmp/tgt/src/app/my_app/__init__.py
reformatted /Users/rob/repo/GitHub/wip/workstation/tmp/tgt/src/app/my_app/__main__.py
reformatted /Users/rob/repo/GitHub/wip/workstation/tmp/tgt/src/app/my_app/app.py
reformatted /Users/rob/repo/GitHub/wip/workstation/tmp/tgt/src/app/my_app/task/scan_directory.py
reformatted /Users/rob/repo/GitHub/wip/workstation/tmp/tgt/src/app/my_app/task/test_task.py
reformatted /Users/rob/repo/GitHub/wip/workstation/tmp/tgt/src/app/my_app/config.py
reformatted /Users/rob/repo/GitHub/wip/workstation/tmp/tgt/src/gen/generate/__init__.py
reformatted /Users/rob/repo/GitHub/wip/workstation/tmp/tgt/src/app/my_app/test_app.py
reformatted /Users/rob/repo/GitHub/wip/workstation/tmp/tgt/src/app/my_app/task/__init__.py
reformatted /Users/rob/repo/GitHub/wip/workstation/tmp/tgt/src/app/my_app/test_config.py
reformatted /Users/rob/repo/GitHub/wip/workstation/tmp/tgt/src/gen/generate/__main__.py
reformatted /Users/rob/repo/GitHub/wip/workstation/tmp/tgt/src/gen/generate/all.py
reformatted /Users/rob/repo/GitHub/wip/workstation/tmp/tgt/src/gen/generate/document/__init__.py
reformatted /Users/rob/repo/GitHub/wip/workstation/tmp/tgt/src/gen/generate/config.py
reformatted /Users/rob/repo/GitHub/wip/workstation/tmp/tgt/src/gen/generate/document/markdown/__init__.py
reformatted /Users/rob/repo/GitHub/wip/workstation/tmp/tgt/src/gen/generate/conftest.py
reformatted /Users/rob/repo/GitHub/wip/workstation/tmp/tgt/src/gen/generate/document/all.py
reformatted /Users/rob/repo/GitHub/wip/workstation/tmp/tgt/src/gen/generate/script/__init__.py
reformatted /Users/rob/repo/GitHub/wip/workstation/tmp/tgt/src/gen/generate/script/bash/__init__.py
reformatted /Users/rob/repo/GitHub/wip/workstation/tmp/tgt/src/gen/generate/app.py
reformatted /Users/rob/repo/GitHub/wip/workstation/tmp/tgt/src/gen/generate/document/markdown/all.py
reformatted /Users/rob/repo/GitHub/wip/workstation/tmp/tgt/src/gen/generate/script/bash/activating/__init__.py
reformatted /Users/rob/repo/GitHub/wip/workstation/tmp/tgt/src/app/my_app/conftest.py
reformatted /Users/rob/repo/GitHub/wip/workstation/tmp/tgt/src/gen/generate/script/bash/activating/activate.py
reformatted /Users/rob/repo/GitHub/wip/workstation/tmp/tgt/src/gen/generate/script/all.py
reformatted /Users/rob/repo/GitHub/wip/workstation/tmp/tgt/src/gen/generate/script/bash/activating/all.py
reformatted /Users/rob/repo/GitHub/wip/workstation/tmp/tgt/src/gen/generate/script/bash/activating/set_path.py
reformatted /Users/rob/repo/GitHub/wip/workstation/tmp/tgt/src/gen/generate/script/bash/all.py
reformatted /Users/rob/repo/GitHub/wip/workstation/tmp/tgt/src/gen/generate/script/bash/briteonyx/__init__.py
reformatted /Users/rob/repo/GitHub/wip/workstation/tmp/tgt/src/gen/generate/script/python/__init__.py
reformatted /Users/rob/repo/GitHub/wip/workstation/tmp/tgt/src/app/my_app/task/bootstrap.py
reformatted /Users/rob/repo/GitHub/wip/workstation/tmp/tgt/src/lib/mine/aws/__init__.py
reformatted /Users/rob/repo/GitHub/wip/workstation/tmp/tgt/src/gen/generate/script/bash/briteonyx/all.py
reformatted /Users/rob/repo/GitHub/wip/workstation/tmp/tgt/src/lib/mine/aws/s3.py
reformatted /Users/rob/repo/GitHub/wip/workstation/tmp/tgt/src/gen/generate/script/python/all.py
reformatted /Users/rob/repo/GitHub/wip/workstation/tmp/tgt/src/gen/generate/test_app.py
reformatted /Users/rob/repo/GitHub/wip/workstation/tmp/tgt/src/gen/generate/test_config.py
reformatted /Users/rob/repo/GitHub/wip/workstation/tmp/tgt/src/lib/mine/aws/ec2.py
reformatted /Users/rob/repo/GitHub/wip/workstation/tmp/tgt/src/lib/mine/aws/service.py
reformatted /Users/rob/repo/GitHub/wip/workstation/tmp/tgt/src/lib/mine/src_gen/__init__.py
reformatted /Users/rob/repo/GitHub/wip/workstation/tmp/tgt/src/lib/mine/aws/test_ec2.py
reformatted /Users/rob/repo/GitHub/wip/workstation/tmp/tgt/src/lib/mine/src_gen/document/__init__.py
reformatted /Users/rob/repo/GitHub/wip/workstation/tmp/tgt/src/lib/mine/src_gen/common.py
reformatted /Users/rob/repo/GitHub/wip/workstation/tmp/tgt/src/lib/mine/src_gen/document/markdown/__init__.py
reformatted /Users/rob/repo/GitHub/wip/workstation/tmp/tgt/src/app/my_app/task/mapping.py
reformatted /Users/rob/repo/GitHub/wip/workstation/tmp/tgt/src/lib/mine/aws/test_service.py
reformatted /Users/rob/repo/GitHub/wip/workstation/tmp/tgt/src/lib/mine/aws/test_s3.py
reformatted /Users/rob/repo/GitHub/wip/workstation/tmp/tgt/src/lib/mine/src_gen/document/markdown/complete.py
reformatted /Users/rob/repo/GitHub/wip/workstation/tmp/tgt/src/lib/mine/src_gen/document/markdown/element.py
reformatted /Users/rob/repo/GitHub/wip/workstation/tmp/tgt/src/lib/mine/src_gen/document/markdown/material.py
reformatted /Users/rob/repo/GitHub/wip/workstation/tmp/tgt/src/lib/mine/src_gen/document/markdown/render.py
reformatted /Users/rob/repo/GitHub/wip/workstation/tmp/tgt/src/lib/mine/src_gen/frame.py
reformatted /Users/rob/repo/GitHub/wip/workstation/tmp/tgt/src/lib/mine/src_gen/element.py
reformatted /Users/rob/repo/GitHub/wip/workstation/tmp/tgt/src/lib/mine/src_gen/material.py
reformatted /Users/rob/repo/GitHub/wip/workstation/tmp/tgt/src/lib/mine/src_gen/document/markdown/frame.py
reformatted /Users/rob/repo/GitHub/wip/workstation/tmp/tgt/src/lib/mine/src_gen/script/__init__.py
reformatted /Users/rob/repo/GitHub/wip/workstation/tmp/tgt/src/lib/mine/src_gen/render.py
reformatted /Users/rob/repo/GitHub/wip/workstation/tmp/tgt/src/lib/mine/src_gen/renderer.py
reformatted /Users/rob/repo/GitHub/wip/workstation/tmp/tgt/src/lib/mine/src_gen/script/bash/__init__.py
reformatted /Users/rob/repo/GitHub/wip/workstation/tmp/tgt/src/lib/mine/src_gen/script/bash/activating/__init__.py
reformatted /Users/rob/repo/GitHub/wip/workstation/tmp/tgt/src/lib/mine/src_gen/script/bash/activating/complete.py
reformatted /Users/rob/repo/GitHub/wip/workstation/tmp/tgt/src/lib/mine/src_gen/script/bash/activating/element.py
reformatted /Users/rob/repo/GitHub/wip/workstation/tmp/tgt/src/lib/mine/src_gen/script/bash/activating/frame.py
reformatted /Users/rob/repo/GitHub/wip/workstation/tmp/tgt/src/lib/mine/src_gen/script/bash/activating/material.py
reformatted /Users/rob/repo/GitHub/wip/workstation/tmp/tgt/src/lib/mine/src_gen/script/bash/activating/conftest.py
reformatted /Users/rob/repo/GitHub/wip/workstation/tmp/tgt/src/lib/mine/src_gen/document/markdown/test_material.py
reformatted /Users/rob/repo/GitHub/wip/workstation/tmp/tgt/src/lib/mine/src_gen/document/markdown/test_complete.py
reformatted /Users/rob/repo/GitHub/wip/workstation/tmp/tgt/src/lib/mine/src_gen/script/bash/activating/render.py
reformatted /Users/rob/repo/GitHub/wip/workstation/tmp/tgt/src/lib/mine/src_gen/script/bash/briteonyx/__init__.py
reformatted /Users/rob/repo/GitHub/wip/workstation/tmp/tgt/src/lib/mine/src_gen/script/bash/briteonyx/complete.py
reformatted /Users/rob/repo/GitHub/wip/workstation/tmp/tgt/src/lib/mine/src_gen/script/bash/briteonyx/material.py
reformatted /Users/rob/repo/GitHub/wip/workstation/tmp/tgt/src/lib/mine/src_gen/script/bash/briteonyx/frame.py
reformatted /Users/rob/repo/GitHub/wip/workstation/tmp/tgt/src/lib/mine/src_gen/script/bash/briteonyx/conftest.py
reformatted /Users/rob/repo/GitHub/wip/workstation/tmp/tgt/src/lib/mine/src_gen/script/bash/briteonyx/render.py
reformatted /Users/rob/repo/GitHub/wip/workstation/tmp/tgt/src/lib/mine/src_gen/script/bash/activating/test_complete.py
reformatted /Users/rob/repo/GitHub/wip/workstation/tmp/tgt/src/lib/mine/src_gen/script/bash/briteonyx/element.py
reformatted /Users/rob/repo/GitHub/wip/workstation/tmp/tgt/src/lib/mine/src_gen/script/bash/activating/test_frame.py
reformatted /Users/rob/repo/GitHub/wip/workstation/tmp/tgt/src/lib/mine/src_gen/script/bash/activating/test_material.py
reformatted /Users/rob/repo/GitHub/wip/workstation/tmp/tgt/src/lib/mine/src_gen/script/bash/complete.py
reformatted /Users/rob/repo/GitHub/wip/workstation/tmp/tgt/src/lib/mine/src_gen/script/bash/element.py
reformatted /Users/rob/repo/GitHub/wip/workstation/tmp/tgt/src/lib/mine/src_gen/script/bash/conftest.py
reformatted /Users/rob/repo/GitHub/wip/workstation/tmp/tgt/src/lib/mine/src_gen/script/bash/frame.py
reformatted /Users/rob/repo/GitHub/wip/workstation/tmp/tgt/src/lib/mine/src_gen/script/bash/render.py
reformatted /Users/rob/repo/GitHub/wip/workstation/tmp/tgt/src/lib/mine/src_gen/script/bash/briteonyx/test_complete.py
reformatted /Users/rob/repo/GitHub/wip/workstation/tmp/tgt/src/lib/mine/src_gen/script/bash/material.py
reformatted /Users/rob/repo/GitHub/wip/workstation/tmp/tgt/src/lib/mine/src_gen/script/bash/briteonyx/test_frame.py
reformatted /Users/rob/repo/GitHub/wip/workstation/tmp/tgt/src/lib/mine/src_gen/script/python/__init__.py
reformatted /Users/rob/repo/GitHub/wip/workstation/tmp/tgt/src/lib/mine/src_gen/script/frame.py
reformatted /Users/rob/repo/GitHub/wip/workstation/tmp/tgt/src/lib/mine/src_gen/script/element.py
reformatted /Users/rob/repo/GitHub/wip/workstation/tmp/tgt/src/lib/mine/src_gen/script/material.py
reformatted /Users/rob/repo/GitHub/wip/workstation/tmp/tgt/src/lib/mine/src_gen/script/python/complete.py
reformatted /Users/rob/repo/GitHub/wip/workstation/tmp/tgt/src/lib/mine/src_gen/script/bash/test_complete.py
reformatted /Users/rob/repo/GitHub/wip/workstation/tmp/tgt/src/lib/mine/src_gen/script/bash/test_element.py
reformatted /Users/rob/repo/GitHub/wip/workstation/tmp/tgt/src/lib/mine/src_gen/script/python/element.py
reformatted /Users/rob/repo/GitHub/wip/workstation/tmp/tgt/src/lib/mine/src_gen/script/python/conftest.py
reformatted /Users/rob/repo/GitHub/wip/workstation/tmp/tgt/src/lib/mine/src_gen/script/python/material.py
reformatted /Users/rob/repo/GitHub/wip/workstation/tmp/tgt/src/lib/mine/src_gen/script/python/render.py
reformatted /Users/rob/repo/GitHub/wip/workstation/tmp/tgt/src/lib/mine/src_gen/script/python/frame.py
reformatted /Users/rob/repo/GitHub/wip/workstation/tmp/tgt/src/lib/mine/src_gen/script/bash/test_material.py
reformatted /Users/rob/repo/GitHub/wip/workstation/tmp/tgt/src/lib/mine/src_gen/script/render.py
reformatted /Users/rob/repo/GitHub/wip/workstation/tmp/tgt/src/lib/mine/src_gen/script/bash/test_frame.py
reformatted /Users/rob/repo/GitHub/wip/workstation/tmp/tgt/src/lib/mine/task/__init__.py
reformatted /Users/rob/repo/GitHub/wip/workstation/tmp/tgt/src/lib/mine/task/delete_file.py
reformatted /Users/rob/repo/GitHub/wip/workstation/tmp/tgt/src/lib/mine/task/config.py
reformatted /Users/rob/repo/GitHub/wip/workstation/tmp/tgt/src/lib/mine/src_gen/script/python/test_complete.py
reformatted /Users/rob/repo/GitHub/wip/workstation/tmp/tgt/src/lib/mine/src_gen/script/python/test_material.py
reformatted /Users/rob/repo/GitHub/wip/workstation/tmp/tgt/src/lib/mine/task/exception.py
reformatted /Users/rob/repo/GitHub/wip/workstation/tmp/tgt/src/lib/mine/src_gen/script/test_material.py
reformatted /Users/rob/repo/GitHub/wip/workstation/tmp/tgt/src/lib/mine/task/conftest.py
reformatted /Users/rob/repo/GitHub/wip/workstation/tmp/tgt/src/lib/mine/task/queue.py
reformatted /Users/rob/repo/GitHub/wip/workstation/tmp/tgt/src/lib/mine/src_gen/test_common.py
reformatted /Users/rob/repo/GitHub/wip/workstation/tmp/tgt/src/lib/mine/task/task.py
reformatted /Users/rob/repo/GitHub/wip/workstation/tmp/tgt/src/lib/mine/src_gen/test_material.py
reformatted /Users/rob/repo/GitHub/wip/workstation/tmp/tgt/src/lib/mine/throw_out_your_templates/__init__.py
reformatted /Users/rob/repo/GitHub/wip/workstation/tmp/tgt/src/lib/mine/task/task_manager.py
reformatted /Users/rob/repo/GitHub/wip/workstation/tmp/tgt/src/lib/mine/throw_out_your_templates/section_1.py
reformatted /Users/rob/repo/GitHub/wip/workstation/tmp/tgt/src/lib/mine/utility/__init__.py
reformatted /Users/rob/repo/GitHub/wip/workstation/tmp/tgt/src/lib/mine/throw_out_your_templates/section_2.py
reformatted /Users/rob/repo/GitHub/wip/workstation/tmp/tgt/src/lib/mine/task/test_config.py
reformatted /Users/rob/repo/GitHub/wip/workstation/tmp/tgt/src/lib/mine/throw_out_your_templates/section_4.py
reformatted /Users/rob/repo/GitHub/wip/workstation/tmp/tgt/src/lib/mine/task/test_queue.py
reformatted /Users/rob/repo/GitHub/wip/workstation/tmp/tgt/src/lib/mine/task/test_task.py
reformatted /Users/rob/repo/GitHub/wip/workstation/tmp/tgt/src/lib/mine/utility/my_assert.py
reformatted /Users/rob/repo/GitHub/wip/workstation/tmp/tgt/src/lib/mine/utility/color_log_formatter.py
reformatted /Users/rob/repo/GitHub/wip/workstation/tmp/tgt/src/lib/mine/utility/config.py
reformatted /Users/rob/repo/GitHub/wip/workstation/tmp/tgt/src/lib/mine/utility/my_assert_filesystem.py
reformatted /Users/rob/repo/GitHub/wip/workstation/tmp/tgt/src/lib/mine/utility/environment.py
reformatted /Users/rob/repo/GitHub/wip/workstation/tmp/tgt/src/lib/mine/throw_out_your_templates/section_3.py
reformatted /Users/rob/repo/GitHub/wip/workstation/tmp/tgt/src/lib/mine/utility/conftest.py
reformatted /Users/rob/repo/GitHub/wip/workstation/tmp/tgt/src/lib/mine/utility/filesystem.py
reformatted /Users/rob/repo/GitHub/wip/workstation/tmp/tgt/src/lib/mine/utility/my_logging.py
reformatted /Users/rob/repo/GitHub/wip/workstation/tmp/tgt/src/lib/mine/utility/my_math.py
reformatted /Users/rob/repo/GitHub/wip/workstation/tmp/tgt/src/lib/mine/utility/pathname.py
reformatted /Users/rob/repo/GitHub/wip/workstation/tmp/tgt/src/lib/mine/utility/processing.py
reformatted /Users/rob/repo/GitHub/wip/workstation/tmp/tgt/src/lib/mine/utility/my_terminal.py
reformatted /Users/rob/repo/GitHub/wip/workstation/tmp/tgt/src/lib/mine/utility/my_assert_pathname.py
reformatted /Users/rob/repo/GitHub/wip/workstation/tmp/tgt/src/lib/mine/utility/my_time.py
reformatted /Users/rob/repo/GitHub/wip/workstation/tmp/tgt/src/lib/mine/utility/singleton_application.py
reformatted /Users/rob/repo/GitHub/wip/workstation/tmp/tgt/src/lib/mine/utility/test_config.py
reformatted /Users/rob/repo/GitHub/wip/workstation/tmp/tgt/src/lib/mine/utility/test_my_assert.py
reformatted /Users/rob/repo/GitHub/wip/workstation/tmp/tgt/src/lib/mine/utility/test_my_assert_filesystem.py
reformatted /Users/rob/repo/GitHub/wip/workstation/tmp/tgt/src/lib/mine/utility/test_my_assert_pathname.py
reformatted /Users/rob/repo/GitHub/wip/workstation/tmp/tgt/src/lib/mine/utility/test_my_math.py
reformatted /Users/rob/repo/GitHub/wip/workstation/tmp/tgt/src/lib/mine/utility/test_my_time.py
reformatted /Users/rob/repo/GitHub/wip/workstation/tmp/tgt/src/lib/mine/utility/test_pathname.py
reformatted /Users/rob/repo/GitHub/wip/workstation/tmp/tgt/src/lib/mine/utility/test_python.py
reformatted /Users/rob/repo/GitHub/wip/workstation/tmp/tgt/src/lib/mine/utility/test_text.py
reformatted /Users/rob/repo/GitHub/wip/workstation/tmp/tgt/src/lib/mine/utility/text.py
reformatted /Users/rob/repo/GitHub/wip/workstation/tmp/tgt/src/lib/mine/utility/test_tracked_path.py
reformatted /Users/rob/repo/GitHub/wip/workstation/tmp/tgt/src/lib/mine/utility/tracked_path.py

All done! ✨ 🍰 ✨
150 files reformatted, 176 files left unchanged.
