[0;34m[20221227 003655Z D] Reformatting Python code using Black[0m
error: cannot format /Users/rob/repo/WIP/workstation/default.nix: Cannot parse: 2:5: with import <nixpkgs> {};
error: cannot format /Users/rob/repo/WIP/workstation/bin/sync_on_macOS: Cannot parse: 3:6: [[ -n "${BO_Trace}" ]] && 1>&2 echo "Executing ${BASH_SOURCE}" && [[ "${BO_Trace}" != 'TRACE' ]] && set -vx
error: cannot format /Users/rob/repo/WIP/workstation/home/bin/clone_from_GitHub_by_Rob: Cannot parse: 10:6: source ${HOME}/bin/lib/declare-git.bash
error: cannot format /Users/rob/repo/WIP/workstation/home/bin/clone_from_GitHub_by_others: Cannot parse: 10:6: source ${HOME}/bin/lib/declare-git.bash
error: cannot format /Users/rob/repo/WIP/workstation/home/bin/clone_from_GitHub_for_Rob: Cannot parse: 12:7: source ~/bin/lib/declare-git.bash
error: cannot format /Users/rob/repo/WIP/workstation/home/bin/clone_from_GitHub_for_TextNow: Cannot parse: 7:7: source ~/bin/lib/declare-git.bash
error: cannot format /Users/rob/repo/WIP/workstation/home/bin/clone_from_GitLab_by_Rob: Cannot parse: 10:6: source ${HOME}/bin/lib/declare-git.bash
error: cannot format /Users/rob/repo/WIP/workstation/home/bin/clone_from_GitLab_by_others: Cannot parse: 10:6: source ${HOME}/bin/lib/declare-git.bash
error: cannot format /Users/rob/repo/WIP/workstation/home/bin/clone_from_GitLab_for_Rob: Cannot parse: 12:7: source ~/bin/lib/declare-git.bash
error: cannot format /Users/rob/repo/WIP/workstation/home/bin/clone_from_GitLab_for_SWA: Cannot parse: 12:7: source ~/bin/lib/declare-git.bash
error: cannot format /Users/rob/repo/WIP/workstation/home/bin/clone_from_GitLab_for_Yum: Cannot parse: 10:6: source ${HOME}/bin/lib/declare-git.bash
error: cannot format /Users/rob/repo/WIP/workstation/home/bin/git_config_user_Me_at_SWA: Cannot parse: 5:4: git config user.email Rob.Williams3@wnco.com
error: cannot format /Users/rob/repo/WIP/workstation/home/bin/git_config_user_Me_at_home: Cannot parse: 5:4: git config user.email rob@refactory.biz
error: cannot format /Users/rob/repo/WIP/workstation/home/bin/grep_stable_projects_for_phrase: Cannot parse: 7:9: if [[ -z "$1" ]] ; then
error: cannot format /Users/rob/repo/WIP/workstation/home/bin/git_config_user_Me_at_TextNow: Cannot parse: 5:4: git config user.email rob.williams@textnow.com
error: cannot format /Users/rob/repo/WIP/workstation/src/app/MODULE/__pycache__/__init__.cpython-310.pyc: 'utf-8' codec can't decode byte 0xcd in position 8: invalid continuation byte
error: cannot format /Users/rob/repo/WIP/workstation/home/bin/grep_stable_projects_for_all_phrases: Cannot parse: 6:7: script=$(which grep_stable_projects_for_phrase)
error: cannot format /Users/rob/repo/WIP/workstation/src/app/MODULE/__pycache__/app.cpython-310.pyc: 'utf-8' codec can't decode byte 0xa7 in position 10: invalid start byte
error: cannot format /Users/rob/repo/WIP/workstation/src/app/MODULE/__pycache__/config.cpython-310.pyc: 'utf-8' codec can't decode byte 0xa7 in position 10: invalid start byte
error: cannot format /Users/rob/repo/WIP/workstation/src/app/MODULE/__pycache__/__main__.cpython-310.pyc: 'utf-8' codec can't decode byte 0xcd in position 8: invalid continuation byte
error: cannot format /Users/rob/repo/WIP/workstation/src/app/MODULE/__pycache__/conftest.cpython-310.pyc: 'utf-8' codec can't decode byte 0xcd in position 8: invalid continuation byte
error: cannot format /Users/rob/repo/WIP/workstation/src/app/MODULE/__pycache__/test_app.cpython-310.pyc: 'utf-8' codec can't decode byte 0xcd in position 8: invalid continuation byte
error: cannot format /Users/rob/repo/WIP/workstation/src/app/MODULE/task/__pycache__/__init__.cpython-310.pyc: 'utf-8' codec can't decode byte 0xcd in position 8: invalid continuation byte
error: cannot format /Users/rob/repo/WIP/workstation/src/app/MODULE/__pycache__/test_config.cpython-310.pyc: 'utf-8' codec can't decode byte 0xcd in position 8: invalid continuation byte
error: cannot format /Users/rob/repo/WIP/workstation/src/app/MODULE/task/__pycache__/mapping.cpython-310.pyc: 'utf-8' codec can't decode byte 0xcd in position 8: invalid continuation byte
error: cannot format /Users/rob/repo/WIP/workstation/src/app/MODULE/task/__pycache__/test_mapping.cpython-310.pyc: 'utf-8' codec can't decode byte 0xcd in position 8: invalid continuation byte
error: cannot format /Users/rob/repo/WIP/workstation/src/app/MODULE/task/__pycache__/scan_directory.cpython-310.pyc: 'utf-8' codec can't decode byte 0xcd in position 8: invalid continuation byte
error: cannot format /Users/rob/repo/WIP/workstation/home/macOS/.zshrc: Cannot parse: 75:6: source $ZSH/oh-my-zsh.sh
error: cannot format /Users/rob/repo/WIP/workstation/src/app/MODULE/task/__pycache__/bootstrap.cpython-310.pyc: 'utf-8' codec can't decode byte 0xcd in position 8: invalid continuation byte
error: cannot format /Users/rob/repo/WIP/workstation/src/gen/generate/__pycache__/app.cpython-310.pyc: 'utf-8' codec can't decode byte 0xa7 in position 10: invalid start byte
error: cannot format /Users/rob/repo/WIP/workstation/src/gen/generate/__pycache__/config.cpython-310.pyc: 'utf-8' codec can't decode byte 0xcd in position 8: invalid continuation byte
error: cannot format /Users/rob/repo/WIP/workstation/src/gen/generate/__pycache__/__main__.cpython-310.pyc: 'utf-8' codec can't decode byte 0xcd in position 8: invalid continuation byte
error: cannot format /Users/rob/repo/WIP/workstation/src/gen/generate/__pycache__/conftest.cpython-310.pyc: 'utf-8' codec can't decode byte 0xcd in position 8: invalid continuation byte
error: cannot format /Users/rob/repo/WIP/workstation/src/gen/generate/__pycache__/__init__.cpython-310.pyc: 'utf-8' codec can't decode byte 0xcd in position 8: invalid continuation byte
error: cannot format /Users/rob/repo/WIP/workstation/src/gen/generate/__pycache__/test_app.cpython-310.pyc: 'utf-8' codec can't decode byte 0xcd in position 8: invalid continuation byte
error: cannot format /Users/rob/repo/WIP/workstation/src/gen/generate/__pycache__/test_config.cpython-310.pyc: 'utf-8' codec can't decode byte 0xcd in position 8: invalid continuation byte
error: cannot format /Users/rob/repo/WIP/workstation/src/gen/generate/custom/__pycache__/__init__.cpython-310.pyc: 'utf-8' codec can't decode byte 0xcd in position 8: invalid continuation byte
error: cannot format /Users/rob/repo/WIP/workstation/src/gen/generate/custom/__pycache__/all.cpython-310.pyc: 'utf-8' codec can't decode byte 0xcd in position 8: invalid continuation byte
error: cannot format /Users/rob/repo/WIP/workstation/src/gen/generate/custom/document/__pycache__/__init__.cpython-310.pyc: 'utf-8' codec can't decode byte 0xcd in position 8: invalid continuation byte
error: cannot format /Users/rob/repo/WIP/workstation/src/gen/generate/custom/document/__pycache__/all.cpython-310.pyc: 'utf-8' codec can't decode byte 0xcd in position 8: invalid continuation byte
error: cannot format /Users/rob/repo/WIP/workstation/src/gen/generate/custom/document/markdown/__pycache__/__init__.cpython-310.pyc: 'utf-8' codec can't decode byte 0xcd in position 8: invalid continuation byte
error: cannot format /Users/rob/repo/WIP/workstation/src/gen/generate/custom/document/markdown/__pycache__/all.cpython-310.pyc: 'utf-8' codec can't decode byte 0xcd in position 8: invalid continuation byte
error: cannot format /Users/rob/repo/WIP/workstation/src/gen/generate/custom/script/__pycache__/all.cpython-310.pyc: 'utf-8' codec can't decode byte 0xcd in position 8: invalid continuation byte
error: cannot format /Users/rob/repo/WIP/workstation/src/gen/generate/custom/script/__pycache__/__init__.cpython-310.pyc: 'utf-8' codec can't decode byte 0xcd in position 8: invalid continuation byte
error: cannot format /Users/rob/repo/WIP/workstation/src/gen/generate/custom/script/bash/__pycache__/__init__.cpython-310.pyc: 'utf-8' codec can't decode byte 0xcd in position 8: invalid continuation byte
error: cannot format /Users/rob/repo/WIP/workstation/src/gen/generate/custom/script/bash/__pycache__/all.cpython-310.pyc: 'utf-8' codec can't decode byte 0xcd in position 8: invalid continuation byte
error: cannot format /Users/rob/repo/WIP/workstation/src/gen/generate/custom/script/bash/briteonyx/__pycache__/all.cpython-310.pyc: 'utf-8' codec can't decode byte 0xcd in position 8: invalid continuation byte
error: cannot format /Users/rob/repo/WIP/workstation/src/gen/generate/custom/script/python/__pycache__/__init__.cpython-310.pyc: 'utf-8' codec can't decode byte 0xcd in position 8: invalid continuation byte
error: cannot format /Users/rob/repo/WIP/workstation/src/gen/generate/custom/script/bash/briteonyx/__pycache__/__init__.cpython-310.pyc: 'utf-8' codec can't decode byte 0xcd in position 8: invalid continuation byte
error: cannot format /Users/rob/repo/WIP/workstation/src/gen/generate/custom/script/python/__pycache__/all.cpython-310.pyc: 'utf-8' codec can't decode byte 0xcd in position 8: invalid continuation byte
error: cannot format /Users/rob/repo/WIP/workstation/src/gen/generate/shared/document/__pycache__/__init__.cpython-310.pyc: 'utf-8' codec can't decode byte 0xcd in position 8: invalid continuation byte
error: cannot format /Users/rob/repo/WIP/workstation/src/gen/generate/shared/__pycache__/__init__.cpython-310.pyc: 'utf-8' codec can't decode byte 0xcd in position 8: invalid continuation byte
error: cannot format /Users/rob/repo/WIP/workstation/src/app/MODULE/task/__pycache__/test_task.cpython-310.pyc: 'utf-8' codec can't decode byte 0xcd in position 8: invalid continuation byte
error: cannot format /Users/rob/repo/WIP/workstation/src/gen/generate/shared/__pycache__/all.cpython-310.pyc: 'utf-8' codec can't decode byte 0xcd in position 8: invalid continuation byte
error: cannot format /Users/rob/repo/WIP/workstation/src/gen/generate/shared/document/__pycache__/all.cpython-310.pyc: 'utf-8' codec can't decode byte 0xcd in position 8: invalid continuation byte
error: cannot format /Users/rob/repo/WIP/workstation/src/gen/generate/shared/document/markdown/__pycache__/__init__.cpython-310.pyc: 'utf-8' codec can't decode byte 0xcd in position 8: invalid continuation byte
error: cannot format /Users/rob/repo/WIP/workstation/src/gen/generate/shared/document/markdown/__pycache__/all.cpython-310.pyc: 'utf-8' codec can't decode byte 0xcd in position 8: invalid continuation byte
error: cannot format /Users/rob/repo/WIP/workstation/src/gen/generate/shared/script/__pycache__/all.cpython-310.pyc: 'utf-8' codec can't decode byte 0xcd in position 8: invalid continuation byte
error: cannot format /Users/rob/repo/WIP/workstation/src/gen/generate/shared/script/bash/__pycache__/__init__.cpython-310.pyc: 'utf-8' codec can't decode byte 0xcd in position 8: invalid continuation byte
error: cannot format /Users/rob/repo/WIP/workstation/src/gen/generate/shared/script/__pycache__/__init__.cpython-310.pyc: 'utf-8' codec can't decode byte 0xcd in position 8: invalid continuation byte
error: cannot format /Users/rob/repo/WIP/workstation/src/gen/generate/shared/script/bash/__pycache__/activate.cpython-310.pyc: 'utf-8' codec can't decode byte 0xcd in position 8: invalid continuation byte
error: cannot format /Users/rob/repo/WIP/workstation/src/gen/generate/shared/script/bash/__pycache__/alias.cpython-310.pyc: 'utf-8' codec can't decode byte 0xcd in position 8: invalid continuation byte
error: cannot format /Users/rob/repo/WIP/workstation/src/gen/generate/shared/script/bash/__pycache__/all.cpython-310.pyc: 'utf-8' codec can't decode byte 0xcd in position 8: invalid continuation byte
error: cannot format /Users/rob/repo/WIP/workstation/src/gen/generate/shared/script/bash/__pycache__/configure_python.cpython-310.pyc: 'utf-8' codec can't decode byte 0xcd in position 8: invalid continuation byte
error: cannot format /Users/rob/repo/WIP/workstation/src/gen/generate/shared/script/bash/__pycache__/declare.cpython-310.pyc: 'utf-8' codec can't decode byte 0xcd in position 8: invalid continuation byte
error: cannot format /Users/rob/repo/WIP/workstation/src/gen/generate/shared/script/bash/__pycache__/declare_base.cpython-310.pyc: 'utf-8' codec can't decode byte 0xcd in position 8: invalid continuation byte
error: cannot format /Users/rob/repo/WIP/workstation/src/gen/generate/shared/script/bash/__pycache__/declare_common.cpython-310.pyc: 'utf-8' codec can't decode byte 0xcd in position 8: invalid continuation byte
error: cannot format /Users/rob/repo/WIP/workstation/src/gen/generate/shared/script/bash/__pycache__/declare_log4bash.cpython-310.pyc: 'utf-8' codec can't decode byte 0xcd in position 8: invalid continuation byte
error: cannot format /Users/rob/repo/WIP/workstation/src/gen/generate/shared/script/bash/__pycache__/pve_activate.cpython-310.pyc: 'utf-8' codec can't decode byte 0xcd in position 8: invalid continuation byte
error: cannot format /Users/rob/repo/WIP/workstation/src/gen/generate/shared/script/bash/__pycache__/set_path.cpython-310.pyc: 'utf-8' codec can't decode byte 0xcd in position 8: invalid continuation byte
error: cannot format /Users/rob/repo/WIP/workstation/src/gen/generate/shared/script/bash/briteonyx/__pycache__/__init__.cpython-310.pyc: 'utf-8' codec can't decode byte 0xcd in position 8: invalid continuation byte
error: cannot format /Users/rob/repo/WIP/workstation/src/gen/generate/shared/script/bash/briteonyx/__pycache__/all.cpython-310.pyc: 'utf-8' codec can't decode byte 0xcd in position 8: invalid continuation byte
error: cannot format /Users/rob/repo/WIP/workstation/src/gen/generate/shared/script/bash/__pycache__/declare_require.cpython-310.pyc: 'utf-8' codec can't decode byte 0xcd in position 8: invalid continuation byte
error: cannot format /Users/rob/repo/WIP/workstation/src/gen/generate/shared/script/python/__pycache__/__init__.cpython-310.pyc: 'utf-8' codec can't decode byte 0xcd in position 8: invalid continuation byte
error: cannot format /Users/rob/repo/WIP/workstation/src/gen/generate/shared/script/python/__pycache__/all.cpython-310.pyc: 'utf-8' codec can't decode byte 0xcd in position 8: invalid continuation byte
error: cannot format /Users/rob/repo/WIP/workstation/src/lib/mine/aws/__pycache__/__init__.cpython-310.pyc: 'utf-8' codec can't decode byte 0xcd in position 8: invalid continuation byte
error: cannot format /Users/rob/repo/WIP/workstation/src/lib/mine/aws/__pycache__/ec2.cpython-310.pyc: 'utf-8' codec can't decode byte 0xcd in position 8: invalid continuation byte
error: cannot format /Users/rob/repo/WIP/workstation/src/lib/mine/aws/__pycache__/service.cpython-310.pyc: 'utf-8' codec can't decode byte 0xcd in position 8: invalid continuation byte
error: cannot format /Users/rob/repo/WIP/workstation/src/lib/mine/aws/__pycache__/s3.cpython-310.pyc: 'utf-8' codec can't decode byte 0xcd in position 8: invalid continuation byte
error: cannot format /Users/rob/repo/WIP/workstation/src/lib/mine/aws/__pycache__/test_s3.cpython-310.pyc: 'utf-8' codec can't decode byte 0xcd in position 8: invalid continuation byte
error: cannot format /Users/rob/repo/WIP/workstation/src/lib/mine/aws/__pycache__/test_ec2.cpython-310.pyc: 'utf-8' codec can't decode byte 0xcd in position 8: invalid continuation byte
error: cannot format /Users/rob/repo/WIP/workstation/src/lib/mine/aws/__pycache__/test_service.cpython-310.pyc: 'utf-8' codec can't decode byte 0xcd in position 8: invalid continuation byte
error: cannot format /Users/rob/repo/WIP/workstation/src/lib/mine/src_gen/__pycache__/__init__.cpython-310.pyc: 'utf-8' codec can't decode byte 0xcd in position 8: invalid continuation byte
error: cannot format /Users/rob/repo/WIP/workstation/src/lib/mine/src_gen/__pycache__/renderer.cpython-310.pyc: 'utf-8' codec can't decode byte 0xa7 in position 10: invalid start byte
error: cannot format /Users/rob/repo/WIP/workstation/src/lib/mine/src_gen/__pycache__/source.cpython-310.pyc: 'utf-8' codec can't decode byte 0xcd in position 8: invalid continuation byte
error: cannot format /Users/rob/repo/WIP/workstation/src/lib/mine/src_gen/__pycache__/structure.cpython-310.pyc: 'utf-8' codec can't decode byte 0xcd in position 8: invalid continuation byte
error: cannot format /Users/rob/repo/WIP/workstation/src/lib/mine/src_gen/__pycache__/test_renderer.cpython-310.pyc: 'utf-8' codec can't decode byte 0xcd in position 8: invalid continuation byte
error: cannot format /Users/rob/repo/WIP/workstation/src/lib/mine/src_gen/__pycache__/test_source.cpython-310.pyc: 'utf-8' codec can't decode byte 0xcd in position 8: invalid continuation byte
error: cannot format /Users/rob/repo/WIP/workstation/src/lib/mine/src_gen/__pycache__/test_structure.cpython-310.pyc: 'utf-8' codec can't decode byte 0xcd in position 8: invalid continuation byte
error: cannot format /Users/rob/repo/WIP/workstation/src/lib/mine/src_gen/document/__pycache__/__init__.cpython-310.pyc: 'utf-8' codec can't decode byte 0xcd in position 8: invalid continuation byte
error: cannot format /Users/rob/repo/WIP/workstation/src/lib/mine/src_gen/document/markdown/__pycache__/__init__.cpython-310.pyc: 'utf-8' codec can't decode byte 0xcd in position 8: invalid continuation byte
error: cannot format /Users/rob/repo/WIP/workstation/src/lib/mine/src_gen/document/markdown/__pycache__/complete.cpython-310.pyc: 'utf-8' codec can't decode byte 0xcd in position 8: invalid continuation byte
error: cannot format /Users/rob/repo/WIP/workstation/src/lib/mine/src_gen/document/markdown/__pycache__/test_complete.cpython-310.pyc: 'utf-8' codec can't decode byte 0xcd in position 8: invalid continuation byte
error: cannot format /Users/rob/repo/WIP/workstation/src/lib/mine/src_gen/document/markdown/__pycache__/source.cpython-310.pyc: 'utf-8' codec can't decode byte 0xcd in position 8: invalid continuation byte
error: cannot format /Users/rob/repo/WIP/workstation/src/lib/mine/src_gen/document/markdown/__pycache__/structure.cpython-310.pyc: 'utf-8' codec can't decode byte 0xcd in position 8: invalid continuation byte
error: cannot format /Users/rob/repo/WIP/workstation/src/lib/mine/src_gen/document/markdown/__pycache__/test_source.cpython-310.pyc: 'utf-8' codec can't decode byte 0xcd in position 8: invalid continuation byte
error: cannot format /Users/rob/repo/WIP/workstation/src/lib/mine/src_gen/document/markdown/__pycache__/test_structure.cpython-310.pyc: 'utf-8' codec can't decode byte 0xcd in position 8: invalid continuation byte
error: cannot format /Users/rob/repo/WIP/workstation/src/lib/mine/src_gen/script/__pycache__/__init__.cpython-310.pyc: 'utf-8' codec can't decode byte 0xcd in position 8: invalid continuation byte
error: cannot format /Users/rob/repo/WIP/workstation/src/lib/mine/src_gen/script/__pycache__/source.cpython-310.pyc: 'utf-8' codec can't decode byte 0xcd in position 8: invalid continuation byte
error: cannot format /Users/rob/repo/WIP/workstation/src/lib/mine/src_gen/script/__pycache__/structure.cpython-310.pyc: 'utf-8' codec can't decode byte 0xcd in position 8: invalid continuation byte
error: cannot format /Users/rob/repo/WIP/workstation/src/lib/mine/src_gen/script/__pycache__/test_source.cpython-310.pyc: 'utf-8' codec can't decode byte 0xcd in position 8: invalid continuation byte
error: cannot format /Users/rob/repo/WIP/workstation/src/lib/mine/src_gen/script/__pycache__/test_structure.cpython-310.pyc: 'utf-8' codec can't decode byte 0xcd in position 8: invalid continuation byte
error: cannot format /Users/rob/repo/WIP/workstation/src/lib/mine/src_gen/script/bash/__pycache__/__init__.cpython-310.pyc: 'utf-8' codec can't decode byte 0xcd in position 8: invalid continuation byte
error: cannot format /Users/rob/repo/WIP/workstation/src/lib/mine/src_gen/script/bash/__pycache__/complete.cpython-310.pyc: 'utf-8' codec can't decode byte 0xcd in position 8: invalid continuation byte
error: cannot format /Users/rob/repo/WIP/workstation/src/lib/mine/src_gen/script/bash/__pycache__/source.cpython-310.pyc: 'utf-8' codec can't decode byte 0xcd in position 8: invalid continuation byte
error: cannot format /Users/rob/repo/WIP/workstation/src/lib/mine/src_gen/script/bash/__pycache__/structure.cpython-310.pyc: 'utf-8' codec can't decode byte 0xcd in position 8: invalid continuation byte
error: cannot format /Users/rob/repo/WIP/workstation/src/lib/mine/src_gen/script/bash/__pycache__/test_complete.cpython-310.pyc: 'utf-8' codec can't decode byte 0xcd in position 8: invalid continuation byte
error: cannot format /Users/rob/repo/WIP/workstation/src/lib/mine/src_gen/script/bash/__pycache__/test_source.cpython-310.pyc: 'utf-8' codec can't decode byte 0xcd in position 8: invalid continuation byte
error: cannot format /Users/rob/repo/WIP/workstation/src/lib/mine/src_gen/script/bash/__pycache__/test_structure.cpython-310.pyc: 'utf-8' codec can't decode byte 0xcd in position 8: invalid continuation byte
error: cannot format /Users/rob/repo/WIP/workstation/src/lib/mine/src_gen/script/bash/briteonyx/__pycache__/__init__.cpython-310.pyc: 'utf-8' codec can't decode byte 0xcd in position 8: invalid continuation byte
error: cannot format /Users/rob/repo/WIP/workstation/src/lib/mine/src_gen/script/bash/briteonyx/__pycache__/source.cpython-310.pyc: 'utf-8' codec can't decode byte 0xcd in position 8: invalid continuation byte
error: cannot format /Users/rob/repo/WIP/workstation/src/lib/mine/src_gen/script/bash/briteonyx/__pycache__/structure.cpython-310.pyc: 'utf-8' codec can't decode byte 0xcd in position 8: invalid continuation byte
error: cannot format /Users/rob/repo/WIP/workstation/src/lib/mine/src_gen/script/bash/briteonyx/__pycache__/test_source.cpython-310.pyc: 'utf-8' codec can't decode byte 0xcd in position 8: invalid continuation byte
error: cannot format /Users/rob/repo/WIP/workstation/src/lib/mine/src_gen/script/bash/briteonyx/__pycache__/complete.cpython-310.pyc: 'utf-8' codec can't decode byte 0xcd in position 8: invalid continuation byte
error: cannot format /Users/rob/repo/WIP/workstation/src/lib/mine/src_gen/script/bash/briteonyx/__pycache__/test_complete.cpython-310.pyc: 'utf-8' codec can't decode byte 0xcd in position 8: invalid continuation byte
error: cannot format /Users/rob/repo/WIP/workstation/src/lib/mine/src_gen/script/bash/briteonyx/__pycache__/test_structure.cpython-310.pyc: 'utf-8' codec can't decode byte 0xcd in position 8: invalid continuation byte
error: cannot format /Users/rob/repo/WIP/workstation/src/lib/mine/src_gen/script/python/__pycache__/__init__.cpython-310.pyc: 'utf-8' codec can't decode byte 0xcd in position 8: invalid continuation byte
error: cannot format /Users/rob/repo/WIP/workstation/src/lib/mine/src_gen/script/python/__pycache__/complete.cpython-310.pyc: 'utf-8' codec can't decode byte 0xcd in position 8: invalid continuation byte
error: cannot format /Users/rob/repo/WIP/workstation/src/lib/mine/src_gen/script/python/__pycache__/source.cpython-310.pyc: 'utf-8' codec can't decode byte 0xcd in position 8: invalid continuation byte
error: cannot format /Users/rob/repo/WIP/workstation/src/lib/mine/src_gen/script/python/__pycache__/structure.cpython-310.pyc: 'utf-8' codec can't decode byte 0xcd in position 8: invalid continuation byte
error: cannot format /Users/rob/repo/WIP/workstation/src/lib/mine/src_gen/script/python/__pycache__/test_source.cpython-310.pyc: 'utf-8' codec can't decode byte 0xcd in position 8: invalid continuation byte
error: cannot format /Users/rob/repo/WIP/workstation/src/lib/mine/src_gen/script/python/__pycache__/test_structure.cpython-310.pyc: 'utf-8' codec can't decode byte 0xcd in position 8: invalid continuation byte
error: cannot format /Users/rob/repo/WIP/workstation/src/lib/mine/src_gen/script/python/__pycache__/test_complete.cpython-310.pyc: 'utf-8' codec can't decode byte 0xcd in position 8: invalid continuation byte
error: cannot format /Users/rob/repo/WIP/workstation/src/lib/mine/task/__pycache__/__init__.cpython-310.pyc: 'utf-8' codec can't decode byte 0xcd in position 8: invalid continuation byte
error: cannot format /Users/rob/repo/WIP/workstation/src/lib/mine/task/__pycache__/config.cpython-310.pyc: 'utf-8' codec can't decode byte 0xcd in position 8: invalid continuation byte
error: cannot format /Users/rob/repo/WIP/workstation/src/lib/mine/task/__pycache__/conftest.cpython-310.pyc: 'utf-8' codec can't decode byte 0xa7 in position 10: invalid start byte
error: cannot format /Users/rob/repo/WIP/workstation/src/lib/mine/task/__pycache__/delete_file.cpython-310.pyc: 'utf-8' codec can't decode byte 0xa7 in position 10: invalid start byte
error: cannot format /Users/rob/repo/WIP/workstation/src/lib/mine/task/__pycache__/exception.cpython-310.pyc: 'utf-8' codec can't decode byte 0xcd in position 8: invalid continuation byte
error: cannot format /Users/rob/repo/WIP/workstation/src/lib/mine/task/__pycache__/queue.cpython-310.pyc: 'utf-8' codec can't decode byte 0xa7 in position 10: invalid start byte
error: cannot format /Users/rob/repo/WIP/workstation/src/lib/mine/task/__pycache__/task.cpython-310.pyc: 'utf-8' codec can't decode byte 0xa7 in position 10: invalid start byte
error: cannot format /Users/rob/repo/WIP/workstation/src/lib/mine/task/__pycache__/task_manager.cpython-310.pyc: 'utf-8' codec can't decode byte 0xa7 in position 10: invalid start byte
error: cannot format /Users/rob/repo/WIP/workstation/src/lib/mine/task/__pycache__/test_config.cpython-310.pyc: 'utf-8' codec can't decode byte 0xcd in position 8: invalid continuation byte
error: cannot format /Users/rob/repo/WIP/workstation/src/lib/mine/task/__pycache__/test_exception.cpython-310.pyc: 'utf-8' codec can't decode byte 0xcd in position 8: invalid continuation byte
error: cannot format /Users/rob/repo/WIP/workstation/src/lib/mine/task/__pycache__/test_queue.cpython-310.pyc: 'utf-8' codec can't decode byte 0xcd in position 8: invalid continuation byte
error: cannot format /Users/rob/repo/WIP/workstation/src/lib/mine/task/__pycache__/test_task_manager.cpython-310.pyc: 'utf-8' codec can't decode byte 0xcd in position 8: invalid continuation byte
error: cannot format /Users/rob/repo/WIP/workstation/src/lib/mine/throw_out_your_templates/__pycache__/__init__.cpython-310.pyc: 'utf-8' codec can't decode byte 0xcd in position 8: invalid continuation byte
error: cannot format /Users/rob/repo/WIP/workstation/src/lib/mine/task/__pycache__/test_task.cpython-310.pyc: 'utf-8' codec can't decode byte 0xcd in position 8: invalid continuation byte
error: cannot format /Users/rob/repo/WIP/workstation/src/lib/mine/throw_out_your_templates/__pycache__/section_1.cpython-310.pyc: 'utf-8' codec can't decode byte 0xcd in position 8: invalid continuation byte
error: cannot format /Users/rob/repo/WIP/workstation/src/lib/mine/throw_out_your_templates/__pycache__/section_3.cpython-310.pyc: 'utf-8' codec can't decode byte 0xcd in position 8: invalid continuation byte
error: cannot format /Users/rob/repo/WIP/workstation/src/lib/mine/throw_out_your_templates/__pycache__/section_4.cpython-310.pyc: 'utf-8' codec can't decode byte 0xcd in position 8: invalid continuation byte
error: cannot format /Users/rob/repo/WIP/workstation/src/lib/mine/throw_out_your_templates/__pycache__/section_2.cpython-310.pyc: 'utf-8' codec can't decode byte 0xcd in position 8: invalid continuation byte
error: cannot format /Users/rob/repo/WIP/workstation/src/lib/mine/throw_out_your_templates/__pycache__/test_section_1.cpython-310.pyc: 'utf-8' codec can't decode byte 0xcd in position 8: invalid continuation byte
error: cannot format /Users/rob/repo/WIP/workstation/src/lib/mine/throw_out_your_templates/__pycache__/test_section_2.cpython-310.pyc: 'utf-8' codec can't decode byte 0xcd in position 8: invalid continuation byte
error: cannot format /Users/rob/repo/WIP/workstation/src/lib/mine/throw_out_your_templates/__pycache__/test_section_3.cpython-310.pyc: 'utf-8' codec can't decode byte 0xcd in position 8: invalid continuation byte
error: cannot format /Users/rob/repo/WIP/workstation/src/lib/mine/throw_out_your_templates/__pycache__/test_section_4.cpython-310.pyc: 'utf-8' codec can't decode byte 0xcd in position 8: invalid continuation byte
error: cannot format /Users/rob/repo/WIP/workstation/src/lib/mine/utility/__pycache__/__init__.cpython-310.pyc: 'utf-8' codec can't decode byte 0xcd in position 8: invalid continuation byte
error: cannot format /Users/rob/repo/WIP/workstation/src/lib/mine/utility/__pycache__/config.cpython-310.pyc: 'utf-8' codec can't decode byte 0xcd in position 8: invalid continuation byte
error: cannot format /Users/rob/repo/WIP/workstation/src/lib/mine/utility/__pycache__/color_log_formatter.cpython-310.pyc: 'utf-8' codec can't decode byte 0xcd in position 8: invalid continuation byte
error: cannot format /Users/rob/repo/WIP/workstation/src/lib/mine/utility/__pycache__/environment.cpython-310.pyc: 'utf-8' codec can't decode byte 0xcd in position 8: invalid continuation byte
error: cannot format /Users/rob/repo/WIP/workstation/src/lib/mine/utility/__pycache__/conftest.cpython-310.pyc: 'utf-8' codec can't decode byte 0xcd in position 8: invalid continuation byte
error: cannot format /Users/rob/repo/WIP/workstation/src/lib/mine/utility/__pycache__/filesystem.cpython-310.pyc: 'utf-8' codec can't decode byte 0xcd in position 8: invalid continuation byte
error: cannot format /Users/rob/repo/WIP/workstation/src/lib/mine/utility/__pycache__/math.cpython-310.pyc: 'utf-8' codec can't decode byte 0xa7 in position 10: invalid start byte
error: cannot format /Users/rob/repo/WIP/workstation/src/lib/mine/utility/__pycache__/my_assert.cpython-310.pyc: 'utf-8' codec can't decode byte 0xcd in position 8: invalid continuation byte
error: cannot format /Users/rob/repo/WIP/workstation/src/lib/mine/utility/__pycache__/my_logging.cpython-310.pyc: 'utf-8' codec can't decode byte 0xcd in position 8: invalid continuation byte
error: cannot format /Users/rob/repo/WIP/workstation/src/lib/mine/utility/__pycache__/my_terminal.cpython-310.pyc: 'utf-8' codec can't decode byte 0xcd in position 8: invalid continuation byte
error: cannot format /Users/rob/repo/WIP/workstation/src/lib/mine/utility/__pycache__/my_time.cpython-310.pyc: 'utf-8' codec can't decode byte 0xcd in position 8: invalid continuation byte
error: cannot format /Users/rob/repo/WIP/workstation/src/lib/mine/utility/__pycache__/processing.cpython-310.pyc: 'utf-8' codec can't decode byte 0xcd in position 8: invalid continuation byte
error: cannot format /Users/rob/repo/WIP/workstation/src/lib/mine/utility/__pycache__/singleton_application.cpython-310.pyc: 'utf-8' codec can't decode byte 0xcd in position 8: invalid continuation byte
error: cannot format /Users/rob/repo/WIP/workstation/src/lib/mine/utility/__pycache__/test_color_log_formatter.cpython-310.pyc: 'utf-8' codec can't decode byte 0xcd in position 8: invalid continuation byte
error: cannot format /Users/rob/repo/WIP/workstation/src/lib/mine/utility/__pycache__/test_config.cpython-310.pyc: 'utf-8' codec can't decode byte 0xcd in position 8: invalid continuation byte
error: cannot format /Users/rob/repo/WIP/workstation/src/lib/mine/utility/__pycache__/test_filesystem.cpython-310.pyc: 'utf-8' codec can't decode byte 0xcd in position 8: invalid continuation byte
error: cannot format /Users/rob/repo/WIP/workstation/src/lib/mine/utility/__pycache__/test_environment.cpython-310.pyc: 'utf-8' codec can't decode byte 0xcd in position 8: invalid continuation byte
error: cannot format /Users/rob/repo/WIP/workstation/src/lib/mine/utility/__pycache__/test_math.cpython-310.pyc: 'utf-8' codec can't decode byte 0xa7 in position 10: invalid start byte
error: cannot format /Users/rob/repo/WIP/workstation/src/lib/mine/utility/__pycache__/test_my_assert.cpython-310.pyc: 'utf-8' codec can't decode byte 0xcd in position 8: invalid continuation byte
error: cannot format /Users/rob/repo/WIP/workstation/src/lib/mine/utility/__pycache__/test_python.cpython-310.pyc: 'utf-8' codec can't decode byte 0xcd in position 8: invalid continuation byte
error: cannot format /Users/rob/repo/WIP/workstation/src/lib/mine/utility/__pycache__/test_my_time.cpython-310.pyc: 'utf-8' codec can't decode byte 0xcd in position 8: invalid continuation byte
error: cannot format /Users/rob/repo/WIP/workstation/src/lib/mine/utility/__pycache__/test_singleton_application.cpython-310.pyc: 'utf-8' codec can't decode byte 0xcd in position 8: invalid continuation byte
error: cannot format /Users/rob/repo/WIP/workstation/src/lib/mine/utility/__pycache__/test_text.cpython-310.pyc: 'utf-8' codec can't decode byte 0xcd in position 8: invalid continuation byte
error: cannot format /Users/rob/repo/WIP/workstation/src/lib/mine/utility/__pycache__/text.cpython-310.pyc: 'utf-8' codec can't decode byte 0xcd in position 8: invalid continuation byte
error: cannot format /Users/rob/repo/WIP/workstation/src/lib/mine/utility/__pycache__/test_tracked_path.cpython-310.pyc: 'utf-8' codec can't decode byte 0xcd in position 8: invalid continuation byte
error: cannot format /Users/rob/repo/WIP/workstation/src/lib/mine/utility/__pycache__/tracked_path.cpython-310.pyc: 'utf-8' codec can't decode byte 0xcd in position 8: invalid continuation byte
error: cannot format /Users/rob/repo/WIP/workstation/waiting/pinned.nix: Cannot parse: 3:0:     baseUrl = "https://github.com/NixOS/nixpkgs/archive";
Oh no! 💥 💔 💥
222 files left unchanged, 172 files failed to reformat.
