'/Users/x299424/repo/GitHub/wip/workstation/BriteOnyx/bin': listing directory
'/Users/x299424/repo/GitHub/wip/workstation/BriteOnyx/bin/lib': listing directory
'/Users/x299424/repo/GitHub/wip/workstation/bin': listing directory
'/Users/x299424/repo/GitHub/wip/workstation/bin/lib': listing directory
'/Users/x299424/repo/GitHub/wip/workstation/src/app': listing directory
'/Users/x299424/repo/GitHub/wip/workstation/src/app/.pytest_cache': listing directory
'/Users/x299424/repo/GitHub/wip/workstation/src/app/.pytest_cache/v': listing directory
'/Users/x299424/repo/GitHub/wip/workstation/src/app/.pytest_cache/v/cache': listing directory
'/Users/x299424/repo/GitHub/wip/workstation/src/app/MODULE': listing directory
'/Users/x299424/repo/GitHub/wip/workstation/src/app/MODULE/conftest.py': Clean bill of health.
'/Users/x299424/repo/GitHub/wip/workstation/src/app/MODULE/config.py': Clean bill of health.
'/Users/x299424/repo/GitHub/wip/workstation/src/app/MODULE/__init__.py': Clean bill of health.
'/Users/x299424/repo/GitHub/wip/workstation/src/app/MODULE/__pycache__': listing directory
'/Users/x299424/repo/GitHub/wip/workstation/src/app/MODULE/task': listing directory
'/Users/x299424/repo/GitHub/wip/workstation/src/app/MODULE/task/bootstrap.py': Clean bill of health.
'/Users/x299424/repo/GitHub/wip/workstation/src/app/MODULE/task/test_task.py': Clean bill of health.
'/Users/x299424/repo/GitHub/wip/workstation/src/app/MODULE/task/__init__.py': Clean bill of health.
'/Users/x299424/repo/GitHub/wip/workstation/src/app/MODULE/task/__pycache__': listing directory
'/Users/x299424/repo/GitHub/wip/workstation/src/app/MODULE/task/scan_directory.py': Clean bill of health.
'/Users/x299424/repo/GitHub/wip/workstation/src/app/MODULE/task/mapping.py': Clean bill of health.
'/Users/x299424/repo/GitHub/wip/workstation/src/app/MODULE/test_config.py': Clean bill of health.
'/Users/x299424/repo/GitHub/wip/workstation/src/app/MODULE/app.py': Clean bill of health.
'/Users/x299424/repo/GitHub/wip/workstation/src/app/MODULE/__main__.py': Clean bill of health.
'/Users/x299424/repo/GitHub/wip/workstation/src/app/MODULE/test_app.py': Clean bill of health.
'/Users/x299424/repo/GitHub/wip/workstation/src/gen': listing directory
'/Users/x299424/repo/GitHub/wip/workstation/src/gen/.pytest_cache': listing directory
'/Users/x299424/repo/GitHub/wip/workstation/src/gen/.pytest_cache/v': listing directory
'/Users/x299424/repo/GitHub/wip/workstation/src/gen/.pytest_cache/v/cache': listing directory
'/Users/x299424/repo/GitHub/wip/workstation/src/gen/generate': listing directory
'/Users/x299424/repo/GitHub/wip/workstation/src/gen/generate/conftest.py': Clean bill of health.
'/Users/x299424/repo/GitHub/wip/workstation/src/gen/generate/config.py': Clean bill of health.
'/Users/x299424/repo/GitHub/wip/workstation/src/gen/generate/__init__.py': Clean bill of health.
'/Users/x299424/repo/GitHub/wip/workstation/src/gen/generate/document': listing directory
'/Users/x299424/repo/GitHub/wip/workstation/src/gen/generate/document/markdown': listing directory
'/Users/x299424/repo/GitHub/wip/workstation/src/gen/generate/document/markdown/__init__.py': Clean bill of health.
'/Users/x299424/repo/GitHub/wip/workstation/src/gen/generate/document/markdown/__pycache__': listing directory
'/Users/x299424/repo/GitHub/wip/workstation/src/gen/generate/document/markdown/all.py': Clean bill of health.
'/Users/x299424/repo/GitHub/wip/workstation/src/gen/generate/document/__init__.py': Clean bill of health.
'/Users/x299424/repo/GitHub/wip/workstation/src/gen/generate/document/__pycache__': listing directory
'/Users/x299424/repo/GitHub/wip/workstation/src/gen/generate/document/all.py': Clean bill of health.
'/Users/x299424/repo/GitHub/wip/workstation/src/gen/generate/__pycache__': listing directory
'/Users/x299424/repo/GitHub/wip/workstation/src/gen/generate/all.py': Clean bill of health.
'/Users/x299424/repo/GitHub/wip/workstation/src/gen/generate/script': listing directory
'/Users/x299424/repo/GitHub/wip/workstation/src/gen/generate/script/python': listing directory
'/Users/x299424/repo/GitHub/wip/workstation/src/gen/generate/script/python/__init__.py': Clean bill of health.
'/Users/x299424/repo/GitHub/wip/workstation/src/gen/generate/script/python/__pycache__': listing directory
'/Users/x299424/repo/GitHub/wip/workstation/src/gen/generate/script/python/all.py': Clean bill of health.
'/Users/x299424/repo/GitHub/wip/workstation/src/gen/generate/script/__init__.py': Clean bill of health.
'/Users/x299424/repo/GitHub/wip/workstation/src/gen/generate/script/__pycache__': listing directory
'/Users/x299424/repo/GitHub/wip/workstation/src/gen/generate/script/all.py': Clean bill of health.
'/Users/x299424/repo/GitHub/wip/workstation/src/gen/generate/script/bash': listing directory
'/Users/x299424/repo/GitHub/wip/workstation/src/gen/generate/script/bash/briteonyx': listing directory
'/Users/x299424/repo/GitHub/wip/workstation/src/gen/generate/script/bash/briteonyx/__init__.py': Clean bill of health.
'/Users/x299424/repo/GitHub/wip/workstation/src/gen/generate/script/bash/briteonyx/__pycache__': listing directory
'/Users/x299424/repo/GitHub/wip/workstation/src/gen/generate/script/bash/briteonyx/all.py': Clean bill of health.
'/Users/x299424/repo/GitHub/wip/workstation/src/gen/generate/script/bash/__init__.py': Clean bill of health.
'/Users/x299424/repo/GitHub/wip/workstation/src/gen/generate/script/bash/__pycache__': listing directory
'/Users/x299424/repo/GitHub/wip/workstation/src/gen/generate/script/bash/all.py': Clean bill of health.
'/Users/x299424/repo/GitHub/wip/workstation/src/gen/generate/script/bash/activating': listing directory
'/Users/x299424/repo/GitHub/wip/workstation/src/gen/generate/script/bash/activating/set_path.py': Clean bill of health.
'/Users/x299424/repo/GitHub/wip/workstation/src/gen/generate/script/bash/activating/__init__.py': Clean bill of health.
'/Users/x299424/repo/GitHub/wip/workstation/src/gen/generate/script/bash/activating/__pycache__': listing directory
'/Users/x299424/repo/GitHub/wip/workstation/src/gen/generate/script/bash/activating/all.py': Clean bill of health.
'/Users/x299424/repo/GitHub/wip/workstation/src/gen/generate/script/bash/activating/activate.py': Clean bill of health.
'/Users/x299424/repo/GitHub/wip/workstation/src/gen/generate/test_config.py': Clean bill of health.
'/Users/x299424/repo/GitHub/wip/workstation/src/gen/generate/app.py': Clean bill of health.
'/Users/x299424/repo/GitHub/wip/workstation/src/gen/generate/__main__.py': Clean bill of health.
'/Users/x299424/repo/GitHub/wip/workstation/src/gen/generate/test_app.py': Clean bill of health.
'/Users/x299424/repo/GitHub/wip/workstation/src/lib': listing directory
'/Users/x299424/repo/GitHub/wip/workstation/src/lib/third_party': listing directory
'/Users/x299424/repo/GitHub/wip/workstation/src/lib/mine': listing directory
'/Users/x299424/repo/GitHub/wip/workstation/src/lib/mine/throw_out_your_templates': listing directory
'/Users/x299424/repo/GitHub/wip/workstation/src/lib/mine/throw_out_your_templates/section_1.py': Clean bill of health.
'/Users/x299424/repo/GitHub/wip/workstation/src/lib/mine/throw_out_your_templates/section_4.py': Clean bill of health.
'/Users/x299424/repo/GitHub/wip/workstation/src/lib/mine/throw_out_your_templates/__init__.py': Clean bill of health.
'/Users/x299424/repo/GitHub/wip/workstation/src/lib/mine/throw_out_your_templates/__pycache__': listing directory
'/Users/x299424/repo/GitHub/wip/workstation/src/lib/mine/throw_out_your_templates/section_3.py': Clean bill of health.
'/Users/x299424/repo/GitHub/wip/workstation/src/lib/mine/throw_out_your_templates/section_2.py': Clean bill of health.
'/Users/x299424/repo/GitHub/wip/workstation/src/lib/mine/.pytest_cache': listing directory
'/Users/x299424/repo/GitHub/wip/workstation/src/lib/mine/.pytest_cache/v': listing directory
'/Users/x299424/repo/GitHub/wip/workstation/src/lib/mine/.pytest_cache/v/cache': listing directory
'/Users/x299424/repo/GitHub/wip/workstation/src/lib/mine/task': listing directory
'/Users/x299424/repo/GitHub/wip/workstation/src/lib/mine/task/queue.py': Clean bill of health.
'/Users/x299424/repo/GitHub/wip/workstation/src/lib/mine/task/delete_file.py': Clean bill of health.
'/Users/x299424/repo/GitHub/wip/workstation/src/lib/mine/task/task.py': Clean bill of health.
'/Users/x299424/repo/GitHub/wip/workstation/src/lib/mine/task/conftest.py': Clean bill of health.
'/Users/x299424/repo/GitHub/wip/workstation/src/lib/mine/task/exception.py': Clean bill of health.
'/Users/x299424/repo/GitHub/wip/workstation/src/lib/mine/task/test_task.py': Clean bill of health.
'/Users/x299424/repo/GitHub/wip/workstation/src/lib/mine/task/config.py': Clean bill of health.
'/Users/x299424/repo/GitHub/wip/workstation/src/lib/mine/task/__init__.py': Clean bill of health.
'/Users/x299424/repo/GitHub/wip/workstation/src/lib/mine/task/__pycache__': listing directory
'/Users/x299424/repo/GitHub/wip/workstation/src/lib/mine/task/test_queue.py': Clean bill of health.
'/Users/x299424/repo/GitHub/wip/workstation/src/lib/mine/task/task_manager.py': Clean bill of health.
'/Users/x299424/repo/GitHub/wip/workstation/src/lib/mine/task/test_config.py': Clean bill of health.
'/Users/x299424/repo/GitHub/wip/workstation/src/lib/mine/src_gen': listing directory
'/Users/x299424/repo/GitHub/wip/workstation/src/lib/mine/src_gen/material.py': Clean bill of health.
'/Users/x299424/repo/GitHub/wip/workstation/src/lib/mine/src_gen/test_common.py': Clean bill of health.
'/Users/x299424/repo/GitHub/wip/workstation/src/lib/mine/src_gen/render.py': Clean bill of health.
'/Users/x299424/repo/GitHub/wip/workstation/src/lib/mine/src_gen/renderer.py': Clean bill of health.
'/Users/x299424/repo/GitHub/wip/workstation/src/lib/mine/src_gen/test_material.py': Clean bill of health.
'/Users/x299424/repo/GitHub/wip/workstation/src/lib/mine/src_gen/__init__.py': Clean bill of health.
'/Users/x299424/repo/GitHub/wip/workstation/src/lib/mine/src_gen/document': listing directory
'/Users/x299424/repo/GitHub/wip/workstation/src/lib/mine/src_gen/document/markdown': listing directory
'/Users/x299424/repo/GitHub/wip/workstation/src/lib/mine/src_gen/document/markdown/material.py': Clean bill of health.
'/Users/x299424/repo/GitHub/wip/workstation/src/lib/mine/src_gen/document/markdown/render.py': Clean bill of health.
'/Users/x299424/repo/GitHub/wip/workstation/src/lib/mine/src_gen/document/markdown/test_material.py': Clean bill of health.
'/Users/x299424/repo/GitHub/wip/workstation/src/lib/mine/src_gen/document/markdown/__init__.py': Clean bill of health.
'/Users/x299424/repo/GitHub/wip/workstation/src/lib/mine/src_gen/document/markdown/__pycache__': listing directory
'/Users/x299424/repo/GitHub/wip/workstation/src/lib/mine/src_gen/document/markdown/element.py': Clean bill of health.
'/Users/x299424/repo/GitHub/wip/workstation/src/lib/mine/src_gen/document/markdown/frame.py': Clean bill of health.
'/Users/x299424/repo/GitHub/wip/workstation/src/lib/mine/src_gen/document/markdown/complete.py': Clean bill of health.
'/Users/x299424/repo/GitHub/wip/workstation/src/lib/mine/src_gen/document/markdown/test_complete.py': Clean bill of health.
'/Users/x299424/repo/GitHub/wip/workstation/src/lib/mine/src_gen/document/__init__.py': Clean bill of health.
'/Users/x299424/repo/GitHub/wip/workstation/src/lib/mine/src_gen/document/__pycache__': listing directory
'/Users/x299424/repo/GitHub/wip/workstation/src/lib/mine/src_gen/__pycache__': listing directory
'/Users/x299424/repo/GitHub/wip/workstation/src/lib/mine/src_gen/element.py': Clean bill of health.
'/Users/x299424/repo/GitHub/wip/workstation/src/lib/mine/src_gen/script': listing directory
'/Users/x299424/repo/GitHub/wip/workstation/src/lib/mine/src_gen/script/material.py': Clean bill of health.
'/Users/x299424/repo/GitHub/wip/workstation/src/lib/mine/src_gen/script/python': listing directory
'/Users/x299424/repo/GitHub/wip/workstation/src/lib/mine/src_gen/script/python/material.py': Clean bill of health.
'/Users/x299424/repo/GitHub/wip/workstation/src/lib/mine/src_gen/script/python/render.py': Clean bill of health.
'/Users/x299424/repo/GitHub/wip/workstation/src/lib/mine/src_gen/script/python/test_material.py': Clean bill of health.
'/Users/x299424/repo/GitHub/wip/workstation/src/lib/mine/src_gen/script/python/__init__.py': Clean bill of health.
'/Users/x299424/repo/GitHub/wip/workstation/src/lib/mine/src_gen/script/python/__pycache__': listing directory
'/Users/x299424/repo/GitHub/wip/workstation/src/lib/mine/src_gen/script/python/element.py': Clean bill of health.
'/Users/x299424/repo/GitHub/wip/workstation/src/lib/mine/src_gen/script/python/frame.py': Clean bill of health.
'/Users/x299424/repo/GitHub/wip/workstation/src/lib/mine/src_gen/script/python/complete.py': Clean bill of health.
'/Users/x299424/repo/GitHub/wip/workstation/src/lib/mine/src_gen/script/python/test_complete.py': Clean bill of health.
'/Users/x299424/repo/GitHub/wip/workstation/src/lib/mine/src_gen/script/render.py': Clean bill of health.
'/Users/x299424/repo/GitHub/wip/workstation/src/lib/mine/src_gen/script/test_material.py': Clean bill of health.
'/Users/x299424/repo/GitHub/wip/workstation/src/lib/mine/src_gen/script/__init__.py': Clean bill of health.
'/Users/x299424/repo/GitHub/wip/workstation/src/lib/mine/src_gen/script/__pycache__': listing directory
'/Users/x299424/repo/GitHub/wip/workstation/src/lib/mine/src_gen/script/element.py': Clean bill of health.
'/Users/x299424/repo/GitHub/wip/workstation/src/lib/mine/src_gen/script/bash': listing directory
'/Users/x299424/repo/GitHub/wip/workstation/src/lib/mine/src_gen/script/bash/briteonyx': listing directory
'/Users/x299424/repo/GitHub/wip/workstation/src/lib/mine/src_gen/script/bash/briteonyx/material.py': Clean bill of health.
'/Users/x299424/repo/GitHub/wip/workstation/src/lib/mine/src_gen/script/bash/briteonyx/test_frame.py': Clean bill of health.
'/Users/x299424/repo/GitHub/wip/workstation/src/lib/mine/src_gen/script/bash/briteonyx/render.py': Clean bill of health.
'/Users/x299424/repo/GitHub/wip/workstation/src/lib/mine/src_gen/script/bash/briteonyx/__init__.py': Clean bill of health.
'/Users/x299424/repo/GitHub/wip/workstation/src/lib/mine/src_gen/script/bash/briteonyx/__pycache__': listing directory
'/Users/x299424/repo/GitHub/wip/workstation/src/lib/mine/src_gen/script/bash/briteonyx/element.py': Clean bill of health.
'/Users/x299424/repo/GitHub/wip/workstation/src/lib/mine/src_gen/script/bash/briteonyx/frame.py': Clean bill of health.
'/Users/x299424/repo/GitHub/wip/workstation/src/lib/mine/src_gen/script/bash/briteonyx/complete.py': Clean bill of health.
'/Users/x299424/repo/GitHub/wip/workstation/src/lib/mine/src_gen/script/bash/briteonyx/test_complete.py': Clean bill of health.
'/Users/x299424/repo/GitHub/wip/workstation/src/lib/mine/src_gen/script/bash/material.py': Clean bill of health.
'/Users/x299424/repo/GitHub/wip/workstation/src/lib/mine/src_gen/script/bash/test_frame.py': Clean bill of health.
'/Users/x299424/repo/GitHub/wip/workstation/src/lib/mine/src_gen/script/bash/render.py': Clean bill of health.
'/Users/x299424/repo/GitHub/wip/workstation/src/lib/mine/src_gen/script/bash/test_material.py': Clean bill of health.
'/Users/x299424/repo/GitHub/wip/workstation/src/lib/mine/src_gen/script/bash/test_element.py': Clean bill of health.
'/Users/x299424/repo/GitHub/wip/workstation/src/lib/mine/src_gen/script/bash/__init__.py': Clean bill of health.
'/Users/x299424/repo/GitHub/wip/workstation/src/lib/mine/src_gen/script/bash/__pycache__': listing directory
'/Users/x299424/repo/GitHub/wip/workstation/src/lib/mine/src_gen/script/bash/element.py': Clean bill of health.
'/Users/x299424/repo/GitHub/wip/workstation/src/lib/mine/src_gen/script/bash/activating': listing directory
'/Users/x299424/repo/GitHub/wip/workstation/src/lib/mine/src_gen/script/bash/activating/material.py': Clean bill of health.
'/Users/x299424/repo/GitHub/wip/workstation/src/lib/mine/src_gen/script/bash/activating/test_frame.py': Clean bill of health.
'/Users/x299424/repo/GitHub/wip/workstation/src/lib/mine/src_gen/script/bash/activating/render.py': Clean bill of health.
'/Users/x299424/repo/GitHub/wip/workstation/src/lib/mine/src_gen/script/bash/activating/test_material.py': Clean bill of health.
'/Users/x299424/repo/GitHub/wip/workstation/src/lib/mine/src_gen/script/bash/activating/__init__.py': Clean bill of health.
'/Users/x299424/repo/GitHub/wip/workstation/src/lib/mine/src_gen/script/bash/activating/__pycache__': listing directory
'/Users/x299424/repo/GitHub/wip/workstation/src/lib/mine/src_gen/script/bash/activating/element.py': Clean bill of health.
'/Users/x299424/repo/GitHub/wip/workstation/src/lib/mine/src_gen/script/bash/activating/frame.py': Clean bill of health.
'/Users/x299424/repo/GitHub/wip/workstation/src/lib/mine/src_gen/script/bash/activating/complete.py': Clean bill of health.
'/Users/x299424/repo/GitHub/wip/workstation/src/lib/mine/src_gen/script/bash/activating/test_complete.py': Clean bill of health.
'/Users/x299424/repo/GitHub/wip/workstation/src/lib/mine/src_gen/script/bash/frame.py': Clean bill of health.
'/Users/x299424/repo/GitHub/wip/workstation/src/lib/mine/src_gen/script/bash/complete.py': Clean bill of health.
'/Users/x299424/repo/GitHub/wip/workstation/src/lib/mine/src_gen/script/bash/test_complete.py': Clean bill of health.
'/Users/x299424/repo/GitHub/wip/workstation/src/lib/mine/src_gen/script/frame.py': Clean bill of health.
'/Users/x299424/repo/GitHub/wip/workstation/src/lib/mine/src_gen/common.py': Clean bill of health.
'/Users/x299424/repo/GitHub/wip/workstation/src/lib/mine/src_gen/frame.py': Clean bill of health.
'/Users/x299424/repo/GitHub/wip/workstation/src/lib/mine/aws': listing directory
'/Users/x299424/repo/GitHub/wip/workstation/src/lib/mine/aws/service.py': Clean bill of health.
'/Users/x299424/repo/GitHub/wip/workstation/src/lib/mine/aws/test_service.py': Clean bill of health.
'/Users/x299424/repo/GitHub/wip/workstation/src/lib/mine/aws/__init__.py': Clean bill of health.
'/Users/x299424/repo/GitHub/wip/workstation/src/lib/mine/aws/__pycache__': listing directory
'/Users/x299424/repo/GitHub/wip/workstation/src/lib/mine/aws/ec2.py': Clean bill of health.
'/Users/x299424/repo/GitHub/wip/workstation/src/lib/mine/aws/s3.py': Clean bill of health.
'/Users/x299424/repo/GitHub/wip/workstation/src/lib/mine/aws/test_ec2.py': Clean bill of health.
'/Users/x299424/repo/GitHub/wip/workstation/src/lib/mine/aws/test_s3.py': Clean bill of health.
'/Users/x299424/repo/GitHub/wip/workstation/src/lib/mine/utility': listing directory
'/Users/x299424/repo/GitHub/wip/workstation/src/lib/mine/utility/test_my_assert.py': Clean bill of health.
'/Users/x299424/repo/GitHub/wip/workstation/src/lib/mine/utility/my_assert_pathname.py': Clean bill of health.
'/Users/x299424/repo/GitHub/wip/workstation/src/lib/mine/utility/test_my_time.py': Clean bill of health.
'/Users/x299424/repo/GitHub/wip/workstation/src/lib/mine/utility/my_terminal.py': Clean bill of health.
'/Users/x299424/repo/GitHub/wip/workstation/src/lib/mine/utility/conftest.py': Clean bill of health.
'/Users/x299424/repo/GitHub/wip/workstation/src/lib/mine/utility/color_log_formatter.py': Clean bill of health.
'/Users/x299424/repo/GitHub/wip/workstation/src/lib/mine/utility/config.py': Clean bill of health.
'/Users/x299424/repo/GitHub/wip/workstation/src/lib/mine/utility/my_time.py': Clean bill of health.
'/Users/x299424/repo/GitHub/wip/workstation/src/lib/mine/utility/test_python.py': Clean bill of health.
'/Users/x299424/repo/GitHub/wip/workstation/src/lib/mine/utility/filesystem.py': Clean bill of health.
'/Users/x299424/repo/GitHub/wip/workstation/src/lib/mine/utility/tracked_path.py': Clean bill of health.
'/Users/x299424/repo/GitHub/wip/workstation/src/lib/mine/utility/__init__.py': Clean bill of health.
'/Users/x299424/repo/GitHub/wip/workstation/src/lib/mine/utility/my_assert_filesystem.py': Clean bill of health.
'/Users/x299424/repo/GitHub/wip/workstation/src/lib/mine/utility/__pycache__': listing directory
'/Users/x299424/repo/GitHub/wip/workstation/src/lib/mine/utility/test_text.py': Clean bill of health.
'/Users/x299424/repo/GitHub/wip/workstation/src/lib/mine/utility/test_pathname.py': Clean bill of health.
'/Users/x299424/repo/GitHub/wip/workstation/src/lib/mine/utility/text.py': Clean bill of health.
'/Users/x299424/repo/GitHub/wip/workstation/src/lib/mine/utility/test_config.py': Clean bill of health.
'/Users/x299424/repo/GitHub/wip/workstation/src/lib/mine/utility/environment.py': Clean bill of health.
'/Users/x299424/repo/GitHub/wip/workstation/src/lib/mine/utility/my_assert.py': Clean bill of health.
'/Users/x299424/repo/GitHub/wip/workstation/src/lib/mine/utility/test_tracked_path.py': Clean bill of health.
'/Users/x299424/repo/GitHub/wip/workstation/src/lib/mine/utility/singleton_application.py': Clean bill of health.
'/Users/x299424/repo/GitHub/wip/workstation/src/lib/mine/utility/my_logging.py': Clean bill of health.
'/Users/x299424/repo/GitHub/wip/workstation/src/lib/mine/utility/test_my_math.py': Clean bill of health.
'/Users/x299424/repo/GitHub/wip/workstation/src/lib/mine/utility/test_my_assert_filesystem.py': Clean bill of health.
'/Users/x299424/repo/GitHub/wip/workstation/src/lib/mine/utility/processing.py': Clean bill of health.
'/Users/x299424/repo/GitHub/wip/workstation/src/lib/mine/utility/pathname.py': Clean bill of health.
'/Users/x299424/repo/GitHub/wip/workstation/src/lib/mine/utility/test_my_assert_pathname.py': Clean bill of health.
'/Users/x299424/repo/GitHub/wip/workstation/src/lib/mine/utility/my_math.py': Clean bill of health.
